Determining if the pthread_create exist failed with the following output:
Change Dir: /home/alumnos/davidln/Programacion/github/ATCSim/build/CMakeFiles/CMakeTmp

Run Build Command:"/usr/bin/make" "cmTC_4a331/fast"
/usr/bin/make -f CMakeFiles/cmTC_4a331.dir/build.make CMakeFiles/cmTC_4a331.dir/build
make[1]: se entra en el directorio '/home/alumnos/davidln/Programacion/github/ATCSim/build/CMakeFiles/CMakeTmp'
Building C object CMakeFiles/cmTC_4a331.dir/CheckSymbolExists.c.o
/usr/bin/cc    -o CMakeFiles/cmTC_4a331.dir/CheckSymbolExists.c.o   -c /home/alumnos/davidln/Programacion/github/ATCSim/build/CMakeFiles/CMakeTmp/CheckSymbolExists.c
Linking C executable cmTC_4a331
/usr/bin/cmake -E cmake_link_script CMakeFiles/cmTC_4a331.dir/link.txt --verbose=1
/usr/bin/cc      CMakeFiles/cmTC_4a331.dir/CheckSymbolExists.c.o  -o cmTC_4a331 
CMakeFiles/cmTC_4a331.dir/CheckSymbolExists.c.o: En la función `main':
CheckSymbolExists.c:(.text+0x1b): referencia a `pthread_create' sin definir
collect2: error: ld returned 1 exit status
CMakeFiles/cmTC_4a331.dir/build.make:97: recipe for target 'cmTC_4a331' failed
make[1]: *** [cmTC_4a331] Error 1
make[1]: se sale del directorio '/home/alumnos/davidln/Programacion/github/ATCSim/build/CMakeFiles/CMakeTmp'
Makefile:126: recipe for target 'cmTC_4a331/fast' failed
make: *** [cmTC_4a331/fast] Error 2

File /home/alumnos/davidln/Programacion/github/ATCSim/build/CMakeFiles/CMakeTmp/CheckSymbolExists.c:
/* */
#include <pthread.h>

int main(int argc, char** argv)
{
  (void)argv;
#ifndef pthread_create
  return ((int*)(&pthread_create))[argc];
#else
  (void)argc;
  return 0;
#endif
}

Determining if the function pthread_create exists in the pthreads failed with the following output:
Change Dir: /home/alumnos/davidln/Programacion/github/ATCSim/build/CMakeFiles/CMakeTmp

Run Build Command:"/usr/bin/make" "cmTC_15c25/fast"
/usr/bin/make -f CMakeFiles/cmTC_15c25.dir/build.make CMakeFiles/cmTC_15c25.dir/build
make[1]: se entra en el directorio '/home/alumnos/davidln/Programacion/github/ATCSim/build/CMakeFiles/CMakeTmp'
Building C object CMakeFiles/cmTC_15c25.dir/CheckFunctionExists.c.o
/usr/bin/cc   -DCHECK_FUNCTION_EXISTS=pthread_create   -o CMakeFiles/cmTC_15c25.dir/CheckFunctionExists.c.o   -c /usr/share/cmake-3.10/Modules/CheckFunctionExists.c
Linking C executable cmTC_15c25
/usr/bin/cmake -E cmake_link_script CMakeFiles/cmTC_15c25.dir/link.txt --verbose=1
/usr/bin/cc  -DCHECK_FUNCTION_EXISTS=pthread_create    CMakeFiles/cmTC_15c25.dir/CheckFunctionExists.c.o  -o cmTC_15c25 -lpthreads 
/usr/bin/ld: no se puede encontrar -lpthreads
collect2: error: ld returned 1 exit status
CMakeFiles/cmTC_15c25.dir/build.make:97: recipe for target 'cmTC_15c25' failed
make[1]: *** [cmTC_15c25] Error 1
make[1]: se sale del directorio '/home/alumnos/davidln/Programacion/github/ATCSim/build/CMakeFiles/CMakeTmp'
Makefile:126: recipe for target 'cmTC_15c25/fast' failed
make: *** [cmTC_15c25/fast] Error 2


